~~BEGIN-OS-INFORMATION~~
STAT_NAME                                                    STAT_VALUE
------------------------------------------------------------ ------------------------------------------------------------
AWR_MINER_VER                                                4.0.11.aws.62
DB_NAME                                                      ECOMMERCE_APP
DB_UNIQUE_NAME                                               ECOMMERCE_APP
DBID                                                         4567890123
PLATFORM_NAME                                                Linux x86 64-bit
VERSION                                                      19.0.0.0.0
BANNER                                                       Oracle Database 19c Standard Edition 2 Release 19.0.0.0.0 - Production
DATABASE_ROLE                                                PRIMARY
INSTANCES                                                    1
INSTANCES_CURRENT                                            1
HOST_CONNECTED                                               ECOMSERVER1
INSTANCE#_CONNECTED                                          1
HOSTS                                                        ECOMSERVER1
HOSTS_CURRENT                                                ECOMSERVER1
NUM_CPUS                                                     8
NUM_CPU_CORES                                                4
NUM_CPU_SOCKETS                                              1
PHYSICAL_MEMORY_GB                                           64.00
TOTAL_DB_SIZE_GB                                             120
TOTAL_DATAFILE_SIZE_GB                                       115
TOTAL_TEMPFILE_SIZE_GB                                       5
USED_DB_SIZE_GB                                              108
DB_CPU_THREADS_AVERAGE_P99                                   2.8
DB_CPU_THREADS_PEAKS_50                                      2.2
DB_CPU_THREADS_PEAKS_90                                      4.5
DB_HOST_CPU_THREADS_AVERAGE_P99                              5.5
DB_HOST_CPU_THREADS_PEAKS_50                                 4.2
DB_HOST_CPU_THREADS_PEAKS_90                                 7.8
DB_IOPS_AVERAGE_P99                                          900
DB_IOPS_PEAKS_P50                                            720
DB_IOPS_PEAKS_P90                                            3000
DB_IOMB_AVERAGE_P99                                          21.3
DB_IOMB_PEAKS_P50                                            18.5
DB_IOMB_PEAKS_P90                                            52.8
DB_SGAPGA_TOTAL                                              42.5
COUNT_DB_LINKS                                               0
COUNT_LINES_PLSQL                                            8000
COUNT_SCHEMAS                                                5
COUNT_PDBS                                                   0
COUNT_FUNCTION                                               10
COUNT_INDEX                                                  185
COUNT_LOB                                                    12
COUNT_PACKAGE                                                3
COUNT_PROCEDURE                                              18
COUNT_SEQUENCE                                               25
COUNT_TABLE                                                  95
COUNT_TRIGGER                                                22
COUNT_TYPE                                                   3
COUNT_VIEW                                                   35
MEMORY_TARGET                                                0
NLS_COMP                                                     BINARY
NLS_SORT                                                     BINARY
SGA_TARGET                                                   34359738368
~~END-OS-INFORMATION~~


..Gathering MEMORY

~~BEGIN-MEMORY~~

   SNAP_ID INSTANCE_NUMBER        SGA        PGA      TOTAL
---------- --------------- ---------- ---------- ----------
     40001               1        32.0        6.2       38.2
     40002               1        32.0        8.5       40.5
     40003               1        32.0       12.8       44.8
     40004               1        32.0       16.8       48.8
     40005               1        32.0       10.5       42.5
     40006               1        32.0        8.8       40.8
     40007               1        32.0       14.2       46.2
     40008               1        32.0        7.5       39.5

~~END-MEMORY~~


..Gathering SIZE-ON-DISK

~~BEGIN-SIZE-ON-DISK~~

   SNAP_ID    SIZE_GB
---------- ----------
     40001        120
     40002        120
     40003        120
     40004        120
     40005        120
     40006        120
     40007        120
     40008        120

~~END-SIZE-ON-DISK~~


..Gathering MAIN-METRICS

~~BEGIN-MAIN-METRICS~~

      snap      dur_m end                                inst     os_cpu os_cpu_max  os_cpu_sd db_wait_ratio db_cpu_ratio  cpu_per_s cpu_per_s_max cpu_per_s_sd        aas     aas_sd    aas_max    db_time db_time_sd sql_res_t_cs bkgd_t_per_s   logons_s logons_total     exec_s   hard_p_s  l_reads_s  commits_s  read_mb_s read_mb_s_max  read_iops read_iops_max   read_bks read_bks_direct write_mb_s write_mb_s_max write_iops write_iops_max  write_bks write_bks_direct read_nt_mb_s read_nt_mb_s_max read_nt_iops read_nt_iops_max write_nt_mb_s write_nt_mb_s_max write_nt_iops write_nt_iops_max  redo_mb_s db_block_gets_s db_block_changes_s gc_cr_rec_s gc_cu_rec_s gc_cr_get_cs gc_cu_get_cs gc_bk_corrupted gc_bk_lost    px_sess    se_sess s_blk_r_lat h_cpu_per_s h_cpu_per_s_max h_cpu_per_s_sd cell_io_int_mb cell_io_int_mb_max network_mb network_mb_max   PDB_IOPS PDB_IOMBPS    PDB_SGA    PDB_PGA PDB_CPU_USAGE_PER_S
---------- ---------- ---------------------------- ---------- ---------- ---------- ---------- ------------- ------------ ---------- ------------- ------------ ---------- ---------- ---------- ---------- ---------- ------------ ------------ ---------- ------------ ---------- ---------- ---------- ---------- ---------- ------------- ---------- ------------- ---------- --------------- ---------- -------------- ---------- -------------- ---------- ---------------- ------------ ---------------- ------------ ---------------- ------------- ----------------- ------------- ----------------- ---------- --------------- ------------------ ----------- ----------- ------------ ------------ --------------- ---------- ---------- ---------- ----------- ----------- --------------- -------------- -------------- ------------------ ---------- -------------- ---------- ---------- ---------- ---------- -------------------
     40001         60 26/02/18 00:00                        1        8.5       15.2        2.5          32.5         67.5      1.250         2.150         .280        1.5         .4        3.2      125.5       35.5           .1           .2         .8        120.5      450.5        5.5    85000.5       42.5        5.2          12.5      280.5         520.5      125.5             8.5         .8            5.2       35.5          125.5       22.5              5.2          1.5             18.5         85.5            520.5            .2                3.5          15.2             180.5         .5           850.5              780.5         8.5        15.5           .0           .0               0          0          0        1.5         .4       1.525           2.250           .325          125.5              280.5        4.5            8.5
     40002         60 26/02/18 03:00                        1       12.5       22.5        3.5          35.2         64.8      1.550         2.650         .350        1.8         .5        4.2      155.5       42.5           .1           .3        1.2        150.5      520.5        8.5    95000.5       55.5        6.8          15.8      350.5         680.5      155.5            10.5        1.0            6.8       42.5          155.5       28.5              6.8          2.0             22.5        105.5            680.5            .3                4.5          18.5             220.5         .8          1050.5              950.5        10.5        18.5           .0           .0               0          0          0        1.8         .5       1.825           2.650           .385          155.5              350.5        5.8           10.5
     40003         60 26/02/18 06:00                        1       18.5       32.5        5.2          38.5         61.5      2.050         3.450         .480        2.5         .7        5.8      205.5       55.5           .1           .4        1.5        185.5      650.5       12.5   110000.5       72.5        8.5          22.5      420.5         850.5      205.5            14.5        1.5            8.5       55.5          205.5       35.5              8.5          2.8             28.5        135.5            850.5            .4                6.5          25.5             285.5        1.2          1350.5             1250.5        14.5        25.5           .0           .0               0          0          0        2.5         .7       2.225           3.450           .485          205.5              420.5        8.5           15.5
     40004         60 26/02/18 09:00                        1       28.5       48.2        8.5          42.5         57.5      2.850         4.850         .680        3.5        1.0        8.5      285.5       78.5           .2           .6        2.5        250.5      850.5       18.5   135000.5       95.5       12.5          35.5      580.5        1250.5      285.5            22.5        2.5           12.5       78.5          285.5       52.5             12.5          4.2             42.5        185.5           1250.5            .6               10.5          38.5             420.5        2.5          1850.5             1680.5        22.5        38.5           .0           .0               0          0          0        3.5        1.0       3.025           4.850           .685          285.5              580.5       14.5           25.5
     40005         60 26/02/18 12:00                        1       42.5       68.5       12.5          45.8         54.2      3.550         5.850         .850        4.5        1.5       12.5      385.5      105.5           .2           .8        3.5        320.5     1150.5       25.5   155000.5      125.5       15.8          48.2      780.5        1800.5      385.5            32.5        3.5           18.5      105.5          385.5       72.5             18.5          5.8             58.5        250.5           1800.5            .8               15.5          52.5             580.5        3.8          2450.5             2250.5        32.5        55.5           .0           .0               0          0          0        4.5        1.5       3.825           5.850           .885          385.5              780.5       22.5           38.5
     40006         60 26/02/18 15:00                        1       38.5       62.5       10.5          44.2         55.8      3.250         5.450         .780        4.0        1.2       10.5      350.5       95.5           .2           .7        3.0        290.5     1050.5       22.5   145000.5      110.5       14.5          42.5      720.5        1650.5      350.5            28.5        3.0           15.5       95.5          350.5       65.5             15.5          5.2             52.5        225.5           1650.5            .7               13.5          48.5             520.5        3.2          2250.5             2050.5        28.5        48.5           .0           .0               0          0          0        4.0        1.2       3.525           5.450           .785          350.5              720.5       18.5           32.5
     40007         60 26/02/18 18:00                        1       48.2       75.5       15.5          48.5         51.5      3.850         6.250         .950        5.2        1.8       15.5      425.5      118.5           .2          1.0        4.0        350.5     1250.5       28.5   165000.5      145.5       18.5          55.8      850.5        2050.5      425.5            38.5        4.2           22.5      118.5          425.5       82.5             22.5          6.5             65.5        280.5           2050.5           1.0               18.5          58.5             650.5        4.5          2750.5             2520.5        38.5        62.5           .0           .0               0          0          0        5.2        1.8       4.225           6.250           .985          425.5              850.5       25.5           42.5
     40008         60 26/02/18 21:00                        1       22.5       38.5        6.5          38.5         61.5      2.250         3.850         .520        2.8         .8        6.5      235.5       65.5           .1           .5        2.0        220.5      750.5       15.5   120000.5       85.5       10.5          28.5      520.5        1050.5      235.5            18.5        2.0           10.5       65.5          235.5       42.5             10.5          3.5             35.5        155.5           1050.5            .5                8.5          32.5             350.5        1.8          1550.5             1420.5        18.5        32.5           .0           .0               0          0          0        2.8         .8       2.525           3.850           .525          235.5              520.5       12.5           22.5

~~END-MAIN-METRICS~~


..Gathering TOP-N-TIMED-EVENTS

~~BEGIN-TOP-N-TIMED-EVENTS~~

   SNAP_ID WAIT_CLASS           EVENT_NAME                                                       PCTDBT TOTAL_TIME_S
---------- -------------------- ------------------------------------------------------------ ---------- ------------
     40001 DB CPU               DB CPU                                                            65.50    125000000
     40001 User I/O             db file sequential read                                           12.50     25000000
     40001 Commit               log file sync                                                      8.50     18000000
     40001 Other                SQL*Net message from dblink                                        5.25     10000000
     40001 Concurrency          buffer busy waits                                                  3.50      6500000
     40004 DB CPU               DB CPU                                                            58.50    285000000
     40004 User I/O             db file sequential read                                           15.50     75000000
     40004 Commit               log file sync                                                     10.25     52000000
     40004 Concurrency          buffer busy waits                                                  5.50     28000000
     40004 Other                SQL*Net message from dblink                                        4.25     22000000
     40007 DB CPU               DB CPU                                                            52.50    425000000
     40007 User I/O             db file sequential read                                           18.50    150000000
     40007 Commit               log file sync                                                     12.25     98000000
     40007 Concurrency          buffer busy waits                                                  7.50     62000000
     40007 User I/O             db file scattered read                                             4.25     35000000

~~END-TOP-N-TIMED-EVENTS~~


..Gathering SYSSTAT

~~BEGIN-SYSSTAT~~

   SNAP_ID cell_flash_hits  read_iops write_iops    read_mb read_mb_opt read_nt_iops write_nt_iops read_nt_mb write_nt_mb cell_int_mb cell_int_ss_mb cell_si_save_mb cell_bytes_elig_mb cell_hcc_bytes_mb read_multi_iops read_temp_iops write_temp_iops network_incoming_mb network_outgoing_mb
---------- --------------- ---------- ---------- ---------- ----------- ------------ ------------- ---------- ----------- ----------- -------------- --------------- ------------------ ----------------- --------------- -------------- --------------- ------------------- -------------------
     40001               0        280        125          5           0          275           120          4           2           0              0               0                  0                 0              35             12              15                  12                  18
     40002               0        350        155          6           0          345           150          5           3           0              0               0                  0                 0              42             15              18                  15                  22
     40003               0        420        205          8           0          415           200          7           4           0              0               0                  0                 0              55             22              25                  22                  32
     40004               0        580        285         12           0          575           280         10           6           0              0               0                  0                 0              75             32              38                  35                  52
     40005               0        780        380         15           0          775           375         13           8           0              0               0                  0                 0              95             42              48                  48                  72
     40006               0        720        350         14           0          715           345         12           7           0              0               0                  0                 0              88             38              42                  42                  65
     40007               0        850        425         18           0          845           420         15          10           0              0               0                  0                 0             105             48              55                  55                  82
     40008               0        520        235         10           0          515           230          8           5           0              0               0                  0                 0              65             28              32                  28                  42

~~END-SYSSTAT~~


..Gathering FEATURES

~~BEGIN-FEATURES~~

NAME                                                             DETECTED_USAGES TOTAL_SAMPLES CURRENTLY_  AUX_COUNT LAST_SAMPLE_DATE                 FEATURE_INFO
---------------------------------------------------------------- --------------- ------------- ---------- ---------- -------------------------------- ----------------
ADDM                                                                           5           100 TRUE                0 18-2월-2026
AWR Report                                                                     5           100 TRUE                3 18-2월-2026
Adaptive Plans                                                               100           100 TRUE                  18-2월-2026
Automatic Maintenance - Optimizer Statistics Gathering                       100           100 TRUE               80 18-2월-2026
Automatic SGA Tuning                                                         100           100 TRUE                0 18-2월-2026
Automatic Undo Management                                                    100           100 TRUE                2 18-2월-2026
Character Set                                                                100           100 TRUE                  18-2월-2026                     AL32UTF8
Job Scheduler                                                                 85           100 TRUE                2 18-2월-2026
LOB                                                                           65           100 TRUE                  18-2월-2026
Locally Managed Tablespaces (system)                                         100           100 TRUE               15 18-2월-2026
Recovery Manager (RMAN)                                                      100           100 TRUE                1 18-2월-2026
SecureFiles (system)                                                         100           100 TRUE               85 18-2월-2026
Server Parameter File                                                        100           100 TRUE                  18-2월-2026

~~END-FEATURES~~


..Gathering SGA-ADVICE

~~BEGIN-SGA-ADVICE~~

        INST_ID        SGA_SIZE SGA_SIZE_FACTOR    ESTD_DB_TIME ESTD_DB_TIME_FACTOR ESTD_PHYSICAL_READS ESTD_BUFFER_CACHE_SIZE ESTD_SHARED_POOL_SIZE          CON_ID      SGA_TARGET
--------------- --------------- --------------- --------------- ------------------- ------------------- ---------------------- --------------------- --------------- ---------------
              1              24             0.75          215000                1.19            30000000                     18                     5               0              32
              1              32             1.00          180000                1.00            22000000                     24                     6               0              32
              1              40             1.25          148000                0.82            15000000                     30                     8               0              32
              1              48             1.50          142000                0.79            14000000                     36                    10               0              32

~~END-SGA-ADVICE~~
